<?xml version="1.0" encoding="UTF-8"?>
<testng-results ignored="0" total="1" passed="1" failed="0" skipped="0">
  <reporter-output>
  </reporter-output>
  <suite started-at="2023-03-03T17:20:45 PST" name="Suite" finished-at="2023-03-03T17:21:00 PST" duration-ms="15335">
    <groups>
      <group name="cucumber">
        <method signature="AbstractTestNGCucumberTests.runScenario(io.cucumber.testng.PickleWrapper,io.cucumber.testng.FeatureWrapper)[pri:0, instance:com.runners.RunnerForSaleforceLogin@689604d9]" name="runScenario" class="io.cucumber.testng.AbstractTestNGCucumberTests"/>
      </group> <!-- cucumber -->
    </groups>
    <test started-at="2023-03-03T17:20:45 PST" name="Test" finished-at="2023-03-03T17:21:00 PST" duration-ms="15335">
      <class name="com.runners.RunnerForSaleforceLogin">
        <test-method is-config="true" signature="setUpClass(org.testng.ITestContext)[pri:0, instance:com.runners.RunnerForSaleforceLogin@689604d9]" started-at="2023-03-03T17:20:45 PST" name="setUpClass" finished-at="2023-03-03T17:20:47 PST" duration-ms="1210" status="PASS">
          <params>
            <param index="0">
              <value>
                <![CDATA[org.testng.TestRunner@23e61112]]>
              </value>
            </param>
          </params>
          <reporter-output>
          </reporter-output>
        </test-method> <!-- setUpClass -->
        <test-method signature="runScenario(io.cucumber.testng.PickleWrapper,io.cucumber.testng.FeatureWrapper)[pri:0, instance:com.runners.RunnerForSaleforceLogin@689604d9]" started-at="2023-03-03T17:20:47 PST" name="runScenario" description="Runs Cucumber Scenarios" data-provider="scenarios" finished-at="2023-03-03T17:21:00 PST" duration-ms="13001" status="PASS">
          <params>
            <param index="0">
              <value>
                <![CDATA["validate the forgot password link"]]>
              </value>
            </param>
            <param index="1">
              <value>
                <![CDATA["login functionality of saleforce application"]]>
              </value>
            </param>
          </params>
          <reporter-output>
          </reporter-output>
        </test-method> <!-- runScenario -->
        <test-method is-config="true" signature="tearDownClass()[pri:0, instance:com.runners.RunnerForSaleforceLogin@689604d9]" started-at="2023-03-03T17:21:00 PST" name="tearDownClass" finished-at="2023-03-03T17:21:00 PST" duration-ms="150" status="PASS">
          <reporter-output>
          </reporter-output>
        </test-method> <!-- tearDownClass -->
      </class> <!-- com.runners.RunnerForSaleforceLogin -->
    </test> <!-- Test -->
  </suite> <!-- Suite -->
</testng-results>
